  Character.cpp
c:\users\charl\desktop\projet s2\dummykong\dummykong\dummykong\character.cpp(12): error C2614: 'Character' : initialisation de membre non conforme : 'm_position_x' n'est ni une base ni un membre
c:\users\charl\desktop\projet s2\dummykong\dummykong\dummykong\character.cpp(12): error C2614: 'Character' : initialisation de membre non conforme : 'm_position_y' n'est ni une base ni un membre
c:\users\charl\desktop\projet s2\dummykong\dummykong\dummykong\character.cpp(45): error C2511: 'void Character::setLifeCount(int)' : impossible de trouver la fonction membre surchargée dans 'Character'
  c:\users\charl\desktop\projet s2\dummykong\dummykong\dummykong\character.h(22): note: voir la déclaration de 'Character'
c:\users\charl\desktop\projet s2\dummykong\dummykong\dummykong\character.cpp(46): error C2597: référence non conforme à un membre non static 'Character::lifeCount'
  Game.cpp
c:\users\charl\desktop\projet s2\dummykong\dummykong\dummykong\game.cpp(115): error C3861: 'showLevel' : identificateur introuvable
c:\users\charl\desktop\projet s2\dummykong\dummykong\dummykong\game.cpp(134): error C2373: 'Game::getMario' : redéfinition ; modificateurs de type différents
  c:\users\charl\desktop\projet s2\dummykong\dummykong\dummykong\game.h(28): note: voir la déclaration de 'Game::getMario'
c:\users\charl\desktop\projet s2\dummykong\dummykong\dummykong\game.cpp(139): error C2373: 'Game::getDummyKong' : redéfinition ; modificateurs de type différents
  c:\users\charl\desktop\projet s2\dummykong\dummykong\dummykong\game.h(29): note: voir la déclaration de 'Game::getDummyKong'
c:\users\charl\desktop\projet s2\dummykong\dummykong\dummykong\game.cpp(144): error C2039: 'showLevel' : n'est pas membre de 'Game'
  c:\users\charl\desktop\projet s2\dummykong\dummykong\dummykong\game.h(13): note: voir la déclaration de 'Game'
c:\users\charl\desktop\projet s2\dummykong\dummykong\dummykong\game.cpp(151): error C2065: 'mario' : identificateur non déclaré
c:\users\charl\desktop\projet s2\dummykong\dummykong\dummykong\game.cpp(152): error C2065: 'level' : identificateur non déclaré
c:\users\charl\desktop\projet s2\dummykong\dummykong\dummykong\game.cpp(156): error C2065: 'level' : identificateur non déclaré
c:\users\charl\desktop\projet s2\dummykong\dummykong\dummykong\game.cpp(161): error C2065: 'level' : identificateur non déclaré
c:\users\charl\desktop\projet s2\dummykong\dummykong\dummykong\game.cpp(166): error C2065: 'level' : identificateur non déclaré
c:\users\charl\desktop\projet s2\dummykong\dummykong\dummykong\game.cpp(175): error C2065: 'mario' : identificateur non déclaré
c:\users\charl\desktop\projet s2\dummykong\dummykong\dummykong\game.cpp(176): error C2065: 'mario' : identificateur non déclaré
  VoiceDetector.cpp
c:\users\charl\desktop\projet s2\dummykong\dummykong\dummykong\voicedetector.h(13): error C3646: 'readInput' : spécificateur de substitution inconnu
c:\users\charl\desktop\projet s2\dummykong\dummykong\dummykong\voicedetector.h(13): error C2059: erreur de syntaxe : '('
c:\users\charl\desktop\projet s2\dummykong\dummykong\dummykong\voicedetector.h(13): error C2238: jetons inattendus avant ';'
c:\users\charl\desktop\projet s2\dummykong\dummykong\dummykong\voicedetector.h(15): error C2061: erreur de syntaxe : identificateur 'PHONEME_T'
c:\users\charl\desktop\projet s2\dummykong\dummykong\dummykong\voicedetector.h(16): error C3646: 'findPhoneme' : spécificateur de substitution inconnu
c:\users\charl\desktop\projet s2\dummykong\dummykong\dummykong\voicedetector.h(16): error C2059: erreur de syntaxe : '('
c:\users\charl\desktop\projet s2\dummykong\dummykong\dummykong\voicedetector.h(16): error C2238: jetons inattendus avant ';'
c:\users\charl\desktop\projet s2\dummykong\dummykong\dummykong\voicedetector.h(17): error C3646: 'getReference' : spécificateur de substitution inconnu
c:\users\charl\desktop\projet s2\dummykong\dummykong\dummykong\voicedetector.h(17): error C2059: erreur de syntaxe : '('
c:\users\charl\desktop\projet s2\dummykong\dummykong\dummykong\voicedetector.h(17): error C2238: jetons inattendus avant ';'
c:\users\charl\desktop\projet s2\dummykong\dummykong\dummykong\voicedetector.h(18): error C2065: 'VOICE_INPUT_T' : identificateur non déclaré
c:\users\charl\desktop\projet s2\dummykong\dummykong\dummykong\voicedetector.h(18): error C2923: 'std::vector' : 'VOICE_INPUT_T' n'est pas un argument de type modèle valide pour le paramètre '_Ty'
c:\users\charl\desktop\projet s2\dummykong\dummykong\dummykong\voicedetector.h(18): error C2903: 'allocator' : le symbole n'est ni un modèle de classe, ni un modèle de fonction
c:\users\charl\desktop\projet s2\dummykong\dummykong\dummykong\voicedetector.h(18): error C3203: 'allocator' : la classe modèle non spécialisée ne peut pas être utilisée comme argument modèle pour le paramètre modèle '_Alloc' ; type réel attendu
c:\users\charl\desktop\projet s2\dummykong\dummykong\dummykong\voicedetector.h(24): error C2065: 'VOICE_INPUT_T' : identificateur non déclaré
c:\users\charl\desktop\projet s2\dummykong\dummykong\dummykong\voicedetector.h(24): error C2923: 'std::vector' : 'VOICE_INPUT_T' n'est pas un argument de type modèle valide pour le paramètre '_Ty'
c:\users\charl\desktop\projet s2\dummykong\dummykong\dummykong\voicedetector.h(24): error C2903: 'allocator' : le symbole n'est ni un modèle de classe, ni un modèle de fonction
c:\users\charl\desktop\projet s2\dummykong\dummykong\dummykong\voicedetector.h(24): error C3203: 'allocator' : la classe modèle non spécialisée ne peut pas être utilisée comme argument modèle pour le paramètre modèle '_Alloc' ; type réel attendu
c:\users\charl\desktop\projet s2\dummykong\dummykong\dummykong\voicedetector.h(25): error C3646: 'ReferenceA' : spécificateur de substitution inconnu
c:\users\charl\desktop\projet s2\dummykong\dummykong\dummykong\voicedetector.h(25): error C4430: spécificateur de type manquant - int est pris en compte par défaut. Remarque : C++ ne prend pas en charge int par défaut
c:\users\charl\desktop\projet s2\dummykong\dummykong\dummykong\voicedetector.h(26): error C3646: 'ReferenceI' : spécificateur de substitution inconnu
c:\users\charl\desktop\projet s2\dummykong\dummykong\dummykong\voicedetector.h(26): error C4430: spécificateur de type manquant - int est pris en compte par défaut. Remarque : C++ ne prend pas en charge int par défaut
c:\users\charl\desktop\projet s2\dummykong\dummykong\dummykong\voicedetector.h(27): error C3646: 'ReferenceO' : spécificateur de substitution inconnu
c:\users\charl\desktop\projet s2\dummykong\dummykong\dummykong\voicedetector.h(27): error C4430: spécificateur de type manquant - int est pris en compte par défaut. Remarque : C++ ne prend pas en charge int par défaut
c:\users\charl\desktop\projet s2\dummykong\dummykong\dummykong\voicedetector.h(28): error C3646: 'ReferenceEUH' : spécificateur de substitution inconnu
c:\users\charl\desktop\projet s2\dummykong\dummykong\dummykong\voicedetector.h(28): error C4430: spécificateur de type manquant - int est pris en compte par défaut. Remarque : C++ ne prend pas en charge int par défaut
c:\users\charl\desktop\projet s2\dummykong\dummykong\dummykong\voicedetector.cpp(6): error C2512: 'std::vector' : aucun constructeur par défaut approprié disponible
  c:\program files (x86)\microsoft visual studio\2017\community\vc\tools\msvc\14.16.27023\include\vector(625): note: voir la déclaration de 'std::vector'
c:\users\charl\desktop\projet s2\dummykong\dummykong\dummykong\voicedetector.cpp(9): error C2039: 'readInput' : n'est pas membre de 'VoiceDetector'
  c:\users\charl\desktop\projet s2\dummykong\dummykong\dummykong\voicedetector.h(8): note: voir la déclaration de 'VoiceDetector'
c:\users\charl\desktop\projet s2\dummykong\dummykong\dummykong\voicedetector.cpp(12): error C2065: 'ReferenceA' : identificateur non déclaré
c:\users\charl\desktop\projet s2\dummykong\dummykong\dummykong\voicedetector.cpp(19): error C2511: 'void VoiceDetector::trainPlayer(PHONEME_T)' : impossible de trouver la fonction membre surchargée dans 'VoiceDetector'
  c:\users\charl\desktop\projet s2\dummykong\dummykong\dummykong\voicedetector.h(8): note: voir la déclaration de 'VoiceDetector'
c:\users\charl\desktop\projet s2\dummykong\dummykong\dummykong\voicedetector.cpp(22): error C2039: 'findPhoneme' : n'est pas membre de 'VoiceDetector'
  c:\users\charl\desktop\projet s2\dummykong\dummykong\dummykong\voicedetector.h(8): note: voir la déclaration de 'VoiceDetector'
c:\users\charl\desktop\projet s2\dummykong\dummykong\dummykong\voicedetector.cpp(28): error C2039: 'getReference' : n'est pas membre de 'VoiceDetector'
  c:\users\charl\desktop\projet s2\dummykong\dummykong\dummykong\voicedetector.h(8): note: voir la déclaration de 'VoiceDetector'
c:\users\charl\desktop\projet s2\dummykong\dummykong\dummykong\voicedetector.cpp(32): error C2065: 'ReferenceA' : identificateur non déclaré
c:\users\charl\desktop\projet s2\dummykong\dummykong\dummykong\voicedetector.cpp(34): error C2065: 'ReferenceI' : identificateur non déclaré
c:\users\charl\desktop\projet s2\dummykong\dummykong\dummykong\voicedetector.cpp(36): error C2065: 'ReferenceO' : identificateur non déclaré
c:\users\charl\desktop\projet s2\dummykong\dummykong\dummykong\voicedetector.cpp(38): error C2065: 'ReferenceEUH' : identificateur non déclaré
c:\users\charl\desktop\projet s2\dummykong\dummykong\dummykong\voicedetector.cpp(41): error C2065: 'ReferenceA' : identificateur non déclaré
c:\users\charl\desktop\projet s2\dummykong\dummykong\dummykong\voicedetector.cpp(46): error C2556: 'std::vector<VOICE_INPUT_T,std::allocator<_Ty>> VoiceDetector::getVoiceBuffer(void)' : la fonction surchargée ne diffère que par le type de retour de 'std::vector VoiceDetector::getVoiceBuffer(void)'
          with
          [
              _Ty=VOICE_INPUT_T
          ]
  c:\users\charl\desktop\projet s2\dummykong\dummykong\dummykong\voicedetector.h(18): note: voir la déclaration de 'VoiceDetector::getVoiceBuffer'
c:\users\charl\desktop\projet s2\dummykong\dummykong\dummykong\voicedetector.cpp(45): error C2371: 'VoiceDetector::getVoiceBuffer' : redéfinition ; types de base différents
  c:\users\charl\desktop\projet s2\dummykong\dummykong\dummykong\voicedetector.h(18): note: voir la déclaration de 'VoiceDetector::getVoiceBuffer'
c:\users\charl\desktop\projet s2\dummykong\dummykong\dummykong\voicedetector.cpp(46): error C2079: 'VoiceDetector::getVoiceBuffer' utilise une class de 'std::vector' non défini
  XController.cpp
c:\users\charl\desktop\projet s2\dummykong\dummykong\dummykong\xcontroller.cpp(48): error C2373: 'XController::getPlayer' : redéfinition ; modificateurs de type différents
  c:\users\charl\desktop\projet s2\dummykong\dummykong\dummykong\xcontroller.h(38): note: voir la déclaration de 'XController::getPlayer'
  Génération de code en cours...
